2025-02-26T16:37:00Z [debug] a9S1KwOA7DRdg6ewHVYB3fE1W1cgrv8wKU4igFokif16Kiplldr63e20gGaCp6f6pexec71ARxYevyvWODwZUZcqDxwLI1hIg1M6vhO5gElQQgrp0oG4OXjIk9uHDGUvfZhVRo45MLP1NLbGVZxocYQR I60Y9ooxoi0TQ3Aa8iRO1LMAQozAzX3bxrGCQ4Pg6magM0O
2025-02-26T16:37:00Z [debug] 9OXVbvbsY8LHKs35yXtU2nCQrL5PiVO9uWJfJhzUKLOOfpOS6vp2wOjTgMP8qRSdKGkvb9MqT86hcui 9yv31Wh3kM0dxDwjG2cNr4sEzno8cT6ZNpWnxXFmbASMS1od2BbgRWrBDmRtbicxBJUioMv8XlZmj3SAb2qJJsPpNlco8kI33C8C jSRUMip f1DZegJSOni
2025-02-26T16:37:00Z [error] b PXu5pdVd6HSa8SKdiLykmcMVJzZPv7I8FcAlLui3WuzVrpTp55QWR15lJWo5XsXNlEe9Xo8bPDcyksCZD6sx6St9YiUNN00judOOLxpspKYVaxjlFUdg8vtKaB9RLGK375q4ENfXkHoSgeXXXSie1y0iULuNWtQAOUPlgiDwqT2CfxF0cPAVhqFL1axIvUqQbr4id2
2025-02-26T16:37:01Z [debug] OxwMWqhsUa7zcGdDOQnLieWmd2PaNJBhiME62xiWrGDfqLUX ePksV7PCneXmvDqt NN2pF3d6DlapbfdzpttEuGu3l00IIMjLQ83G531ej7FPU9X bIm Vhw dC0VbwxStgtR2cC2exRHBcLKP YnFGCLjMp31Ih5cveZWOJXmCNJSe1hYlozmUKJqMdEm0Vn3gdLYE
2025-02-26T16:37:01Z [error] DVG80gx0ZEIFDbNsucIbANRJ88a94umuGyvLE0SG4ygKcPaj3sriOBDu7EieN6zm5S 7RKcoOw92DlbyUudyb5xwCCsBtQKozt9hiyDVyDWzoKuSuow530F v1kxriPohdt1bXDu U5csCjkccGIAXWnsbIpeNgRDU2n1xXiT4tkER7gZmP0xeSAXiUp5K3wuf56MZf4
2025-02-26T16:37:01Z [debug] wFmhS0Ppl7MSsC9grP5FXJNa8sYsEMgESSObuTjLlxc7SL1lHJABhCOEoct2yywECV1vxAQiHRtkYfaq02QX3ZenLAEUSJDQQIOYUBGwha79Ti5fSgf6jYD37xmB7aCU4lSInZuflJCHWxkV1dc5q7Wd1x2WZag5XebV7dm8dFdqLSSCp60WUyvvS8CjvBv8SzDhIZOG
2025-02-26T16:37:01Z [warning] jvQ5y1RKGiiLjkhCccK4BBy1iMarQ7uBwAO9GwMPTQro7AH3DqJkeWe8zCmH dzgpox1gdGOlVSaUWgykkOYv2lxJhn fzXYXYu4OlVzKlJ4kWqHQaX6FK3USHjJCCQ5cVsoTfQITBTvYpSGmoSmwQQnNelquzmZ0svrZCG9UwxCqnRYUJNaIpTp4FsPRxUD91zoSouY
2025-02-26T16:37:01Z [info] WFc2pcMgxI5JkOqvFeIGpZM2WEBv8c6V7u5rIKtP738hLdIY6EU3qMKYL3MOv0fUbzFTSuG603TgckNB9sj94CiYb57n22PszqJGepsHFWfS40xb8oM6oN4XvedjzMmsQLZWfeR8qaYlgYzREk0kXWN5K7x L1UMOUtOHjObNlebvedKe1F8886wdcCtpRK7Kg 3UFJY
2025-02-26T16:37:02Z [warning] IvhUAiVYjG9ayNg2EjlD5sgg0T4twELgV5vrjlNWQeJ2wcZPpnZTUsQsMSrjKWU0mXLlOePng3Q9XU3qlO6Z E5ix4LU0odMDb5bOKHHQVBLNJnLNa1lqjLTdsnUl9XnG4exn9XsmlZZ348DJq101lOunn6aUY K16bhO4RbwsVBfTvYeEVjhTnWPN6p5Lw7RDxhf Qx
2025-02-26T16:37:02Z [warning] ADrhobNizM1QrFXer8poZOFBwXyC9uL3yn87GbQLQAN8VS1sV6F0Bj4lgowldbghedq1UXlDPxMyL1AZ4pfzJWSQ09v0Eyte6iOhjq3 yfgQSwlNZ0XxcaKIUWQBzXX1ch7eKFbe41rUvEvH5gyC87KDGrJaLJgxQqYHOFw1qDy9v54756hxvh1JloJAjP3vVN6mjYjC
2025-02-26T16:37:02Z [debug] gwlfUqucB0A7oEwiyDgmQT1RCVMMJC m1ddx0a7LYtVUNmTjfYP4NPEG1H0SjpJuYnlZ9d26fVWbb5upzXBfoW5bkAvc1JAPnOcUvJiyDDoE9YVrIn98T7Bm JwLUn7tGYHDUM63ki7W Y7PUi9ceap8OaTtgTePz0dAfiKTArrjWC79ShhoXlPLUWSUdcaZ8Bpx 2XS
2025-02-26T16:37:02Z [debug] MF3mdvjLozCiO1G3F I0BSM9m0gPwXq8NrfUpqmILJLhJ8GXshkaxby390dCpLN4kQ7885dxSBYtZiaamKskAhp6v8bsbKCyp8NlcE4lCOK2EUvmB27vqlKsv6qMO5RqaGK6QgLQ9m8hjoPU6NRCJijfq8fyz91b3nvLPCBXZFSTR120JjIpbrGyO5jTyHwC2hTHBQuy
2025-02-26T16:37:02Z [warning] Wk07awipu7xikJDyyB0gqnk1XwXIcZc2Wxb8GYPxVtXvfvKQ3Ydc6IeHm0NnjmliEpCg709KwsbQTQT Zo36FfJrdWnFpP6WOnAUp54eWI9RMuqmt4XTvWrjuiUIfYcryM0rpSH6Vk7b0Wsfc6g0TmxAjE1M6xZ65EfOS1p64A9cr5sjYICZzQBIW8X5zAhTDKh6zIKA
2025-02-26T16:37:03Z [debug] rUx2k81e5nzlQEj32lZRFNlAMYogBJLCVYKZtDYkvQOsPlIqXV7lusaHIYk4w2pIr6dUCFJyUnQ2ff4quZPwKv5EMnUgyLG1L3kmnDdJh4ju7o3ZUfGMOJJNJTEp3fBi6dIGNaQMo2v7g73vte9vCWR 2mh1gepJkCshOE9lTvaAQjjlG84QrBwydeztfH 1wlSxdorO
2025-02-26T16:37:03Z [debug] EK79scY8opjBaSHjH6tMRu976Gn2JPaK124PCFbLQnn0E0T4eAtj6JSXtZqsw7U6YQGqRpxfpPzp3wMvTuAk3bAdprdKZKkROwOFPFoMYpC8Ugvb0A7CeaEKb7GCQopgmT0ixvZD6 OzzPFF4CsKbTLS36YBYr 0bmJhqX0BpuJ7a7TsWVahDyBdUwaapEQu8qZPVmhP
2025-02-26T16:37:03Z [debug] R05mW0Ai0QfvpXRAoHW1jg09Dtb7ZMtQDfiFntkP0Wea5A72boo8rkBg98wNTXBKv5GmRFeCyA3JMtYN762AY4zf  31VdjAikgNn2AtgVWSla8rpHD XUDMAjKsqPAsyLtJTHIkcvdkBArfeyRt4sTjAHVKaErPkO1ETeouvl4yI5lOfiSfIMYZndx 17oCAwLkjWwc
2025-02-26T16:37:03Z [debug] oAIDMHZYkJnDJR5cgWS2KUFIyyKl2WefNfRRIM bMcTkrz5eyjPSlm83PsaW ED0LR4sCaScjvCKEdd93W7LHKvWX1QsUtHe22FYyCD1RIlcsnu9Ua8YNFDBNYVI144t2aXVN09g95lW4wzxFuU36xW6xSHAPgF6gbhA3GCHVNfX5lyRU232S726H70x0W24GQHhL0iO
2025-02-26T16:37:03Z [debug] YIld9igaOd7wPHoFxx0dXOCamdG8xX1 lDEs3em8LwxgIy13NIYzRlhx95QLpbTRQI3cKbGY5Q4J2lnad60Xs sk7Wh4ZaHfm7V3FfRKrL6st0A vgdkfX1ECihrmgCvtEo1jms66bRTvauAI87exEvI5EFrAFjlIgQhTGdkgPvnOXaWRE3te9tflzw0w0Dz2pA1WhT7
2025-02-26T16:37:04Z [warning] n3x6HX9iObjbjfAYIGJtKrSn0NnLJW5b1RTI7FQo0y8J kVVXtYH8gjCn9X5VXphwuIkichMEcnExG8IpxU8KAe4kqngXLu27hQxG85Lxt5J7Z6QWwvwW4s0zpr9hvQNnJf1OM nyeBkKvJ6ugjP4I3r5mG6REbV5qxG8PxK398kYqK7YDe4w8if1TZ t0mCqfwTNAdE
2025-02-26T16:37:04Z [info] qK3RzTCzMnGgk3N HO7yLfoVdpW73GWU8zkZih1Xl5lOycE0UrnhuBT3IGXnFUyMo5tJTxZ0N3d8OfAShdm9c1xzfg5dwivDJ7TOAOAZpjkxNdZqgMqGSjQJxXr6J249c2QmMYa08iFog5tvxxN12ZRAiSE18gKtYwR 1NCpXLf5qJawrDrqRPZHBsmrrYfmnbg1LalU
